20:45:12.308 INFO  select * from users where  emailid='nidhi1@gmail.com' 
21:08:42.404 INFO  select * from users where  emailid='nidhi1@gmail.com' 
21:09:14.509 INFO  select * from users where  emailid='nidhi1@gmail.com' 
21:10:02.727 INFO  select * from users where  emailid='nidhi1@gmail.com' 
21:10:27.624 INFO  select * from users where  emailid='nidhi1@gmail.com' 
21:14:42.817 INFO  select * from users where  emailid='nidhi1@gmail.com' 
21:16:26.577 INFO  select * from users where  emailid='nidhi1@gmail.com' 
21:17:09.989 INFO  select * from users where  emailid='nidhi1@gmail.com' 
21:17:10.016 INFO  Login successful for the user, undefined 
21:18:35.383 INFO  select * from users where  emailid='nidhi1@gmail.com' 
21:18:35.414 INFO  Login successful for the user, undefined 
21:18:45.724 INFO  select * from users where  emailid='nidhi1@gmail.com' 
21:18:45.729 INFO  Login successful for the user, undefined 
21:19:56.408 INFO  select * from users where  emailid='nidhi1@gmail.com' 
21:19:56.444 INFO  Login successful for the user, undefined 
21:21:31.430 INFO  select * from users where  emailid='nidhi1@gmail.com' 
21:21:31.464 INFO  Login successful for the user, undefined 
21:22:08.808 INFO  select * from users where  emailid='nidhi1@gmail.com' 
21:22:08.852 INFO  Login successful for the user, undefined 
21:29:21.609 INFO  select * from users where  emailid='new@user.com' 
21:29:21.618 INFO  Login successful for the user, undefined 
21:30:45.856 INFO  select * from users where  emailid='12345@gmail.com' 
22:03:03.508 INFO  select * from users where  emailid='new@user.com' 
22:05:41.264 INFO  select * from users where  emailid='new@user.com' 
22:07:44.742 INFO  select * from users where  emailid='new@user.com' 
22:12:16.442 INFO  select * from users where  emailid='new@user.com' 
22:15:44.032 INFO  select * from users where  emailid='123@gmail.com' 
22:15:44.041 INFO  Login successful for the user, undefined 
22:15:59.381 INFO  select * from users where  emailid='123@gmail.com' 
22:19:41.152 INFO  select * from users where  emailid='123@gmail.com' 
22:19:41.180 INFO  Login successful for the user, undefined 
22:21:23.296 INFO  select * from users where  emailid='123@gmail.com' 
22:24:07.958 INFO  select * from users where  emailid='123@gmail.com' 
22:25:25.834 INFO  select * from users where  emailid='123@gmail.com' 
22:25:59.538 INFO  select * from users where  emailid='123@gmail.com' 
22:30:25.364 INFO  select * from users where  emailid='123@gmail.com' 
22:31:23.127 INFO  select * from users where  emailid='123@gmail.com' 
22:32:10.647 INFO  select * from users where  emailid='123@gmail.com' 
22:33:56.254 INFO  select * from users where  emailid='123@user.com' 
22:34:11.836 INFO  select * from users where  emailid='123@gmail.com' 
22:35:25.213 INFO  select * from users where  emailid='123@gmail.com' 
22:36:35.565 INFO  select * from users where  emailid='123@gmail.com' 
22:37:54.316 INFO  select * from users where  emailid='123@gmail.com' 
22:38:37.134 INFO  select * from users where  emailid='123@gmail.com' 
22:41:35.215 INFO  select * from users where  emailid='123@gmail.com' 
22:43:41.281 INFO  select * from users where  emailid='123@gmail.com' 
22:59:23.582 INFO  select * from users where  emailid='123@gmail.com' 
23:00:51.348 INFO  select * from users where  emailid='123@gmail.com' 
23:02:00.732 INFO  select * from users where  emailid='123@gmail.com' 
23:02:40.161 INFO  select * from users where  emailid='123@gmail.com' 
23:04:21.411 INFO  select * from users where  emailid='123@gmail.com' 
23:04:21.439 INFO  Login successful for the user, undefined 
23:04:46.287 INFO  select * from users where  emailid='123@gmail.com' 
23:04:46.293 INFO  Login successful for the user, undefined 
23:05:51.152 INFO  select * from users where  emailid='123@gmail.com' 
23:05:51.189 INFO  Login successful for the user, undefined 
23:07:52.076 INFO  select * from users where  emailid='123@gmail.com' 
23:07:52.120 INFO  Login successful for the user, undefined 
23:09:13.260 INFO  select * from users where  emailid='123@gmail.com' 
23:09:13.298 INFO  Login successful for the user, undefined 
23:10:47.726 INFO  select * from users where  emailid='123@gmail.com' 
23:10:47.752 INFO  Login successful for the user, undefined 
23:12:34.738 INFO  select * from users where  emailid='123@gmail.com' 
23:12:34.789 INFO  Login successful for the user, undefined 
23:15:11.271 INFO  select * from users where  emailid='123@gmail.com' 
23:20:56.890 INFO  select * from users where  emailid='123@gmail.com' 
23:20:56.939 INFO  Login successful for the user, undefined 
23:22:02.635 INFO  select * from users where  emailid='123@gmail.com' 
23:22:02.683 INFO  Login successful for the user, undefined 
23:22:40.979 INFO  select * from users where  emailid='123@gmail.com' 
23:22:41.040 INFO  Login successful for the user, undefined 
23:23:39.436 INFO  select * from users where  emailid='123@gmail.com' 
23:23:39.488 INFO  Login successful for the user, undefined 
23:24:24.802 INFO  select * from users where  emailid='123@gmail.com' 
23:24:24.860 INFO  Login successful for the user, undefined 
23:25:26.187 INFO  select * from users where  emailid='123@gmail.com' 
23:25:26.237 INFO  Login successful for the user, undefined 
23:34:23.618 INFO  select * from users where  emailid='123@gmail.com' 
23:34:23.662 INFO  Login successful for the user, undefined 
23:35:53.546 INFO  select * from users where  emailid='123@gmail.com' 
23:35:53.592 INFO  Login successful for the user, undefined 
23:36:15.257 INFO  select * from users where  emailid='123@gmail.com' 
23:36:15.263 INFO  Login successful for the user, undefined 
23:38:42.007 INFO  select * from users where  emailid='123@gmail.com' 
23:38:42.052 INFO  Login successful for the user, undefined 
23:40:18.256 INFO  select * from users where  emailid='123@gmail.com' 
23:40:33.081 INFO  select * from users where  emailid='123@gmail.com' 
11:13:30.079 INFO  select * from users where  emailid='123@gmail.com' 
11:14:36.584 INFO  select * from users where  emailid='123@gmail.com' 
11:16:01.938 INFO  select * from users where  emailid='123@gmail.com' 
11:16:43.858 INFO  select * from users where  emailid='123@gmail.com' 
13:54:36.353 INFO  select * from users where  emailid='123@gmail.com' 
13:54:36.395 INFO  Login successful for the user, undefined 
13:55:28.172 INFO  select * from users where  emailid='123@gmail.com' 
13:56:38.376 INFO  select * from users where  emailid='123@gmail.com' 
13:57:01.074 INFO  select * from users where  emailid='123@gmail.com' 
13:57:31.581 INFO  select * from users where  emailid='123@gmail.com' 
13:57:52.937 INFO  select * from users where  emailid='123@gmail.com' 
13:58:15.342 INFO  select * from users where  emailid='123@gmail.com' 
13:59:58.174 INFO  select * from users where  emailid='123@GMAIL.COM' 
14:00:15.004 INFO  select * from users where  emailid='123@gmail.com' 
14:00:37.145 INFO  select * from users where  emailid='123@gmail.com' 
14:04:55.349 INFO  select * from users where  emailid='123@gmail.com' 
14:05:47.429 INFO  select * from users where  emailid='123@gmail.com' 
17:09:52.803 INFO  select * from users where  emailid='123@gmail.com' 
17:09:52.845 INFO  Login successful for the user, undefined 
17:23:19.388 INFO  select * from users where  emailid='123@gmail.com' 
17:23:19.434 INFO  Login successful for the user, undefined 
17:24:06.463 INFO  select * from users where  emailid='123@gmail.com' 
17:24:06.506 INFO  Login successful for the user, undefined 
17:30:45.965 INFO  select * from users where  emailid='123@gmail.com' 
17:30:45.974 INFO  Login successful for the user, undefined 
17:35:37.008 INFO  select * from users where  emailid='123@gmail.com' 
17:35:37.057 INFO  Login successful for the user, undefined 
17:40:43.810 INFO  select * from users where  emailid='123@gmail.com' 
17:40:43.860 INFO  Login successful for the user, undefined 
17:42:26.787 INFO  select * from users where  emailid='123@gmail.com' 
17:42:26.826 INFO  Login successful for the user, undefined 
17:42:50.208 INFO  select * from users where  emailid='123@gmail.com' 
17:42:50.257 INFO  Login successful for the user, undefined 
17:49:46.872 INFO  select * from users where  emailid='123@gmail.com' 
17:49:46.918 INFO  Login successful for the user, undefined 
17:50:32.261 INFO  select * from users where  emailid='123@gmail.com' 
17:50:32.301 INFO  Login successful for the user, undefined 
17:50:56.052 INFO  select * from users where  emailid='123@gmail.com' 
17:50:56.100 INFO  Login successful for the user, undefined 
17:51:36.169 INFO  select * from users where  emailid='123@gmail.com' 
17:51:36.211 INFO  Login successful for the user, undefined 
17:52:00.698 INFO  select * from users where  emailid='123@gmail.com' 
17:52:00.745 INFO  Login successful for the user, undefined 
17:52:56.556 INFO  select * from users where  emailid='123@gmail.com' 
17:52:56.604 INFO  Login successful for the user, undefined 
17:53:30.911 INFO  select * from users where  emailid='123@gmail.com' 
17:53:30.962 INFO  Login successful for the user, undefined 
17:55:05.792 INFO  select * from users where  emailid='123@gmail.com' 
17:55:05.838 INFO  Login successful for the user, undefined 
17:56:43.130 INFO  select * from users where  emailid='123@gmail.com' 
17:57:14.853 INFO  select * from users where  emailid='123@gmail.com' 
18:00:52.977 INFO  select * from users where  emailid='123@gmail.com' 
18:01:28.485 INFO  select * from users where  emailid='123@gmail.com' 
18:31:04.215 INFO  select * from users where  emailid='123@gmail.com' 
19:08:49.687 INFO  select * from users where  emailid='123@gmail.com' 
19:31:11.652 INFO  select * from users where  emailid='123@gmail.com' 
19:31:57.072 INFO  select * from users where  emailid='123@gmail.com' 
19:33:51.489 INFO  select * from users where  emailid='123@gmail.com' 
19:34:12.235 INFO  select * from users where  emailid='123@gmail.com' 
19:34:49.911 INFO  select * from users where  emailid='123@gmail.com' 
19:36:47.182 INFO  select * from users where  emailid='123@gmail.com' 
19:38:39.538 INFO  select * from users where  emailid='123@gmail.com' 
19:39:13.760 INFO  select * from users where  emailid='123@gmail.com' 
19:40:29.509 INFO  select * from users where  emailid='123@gmail.com' 
19:47:29.307 INFO  select * from users where  emailid='123@gmail.com' 
19:49:56.146 INFO  select * from users where  emailid='123@gmail.com' 
19:51:53.378 INFO  select * from users where  emailid='123@gmail.com' 
23:59:21.919 INFO  select * from users where  emailid='123@gmail.com' 
00:02:31.308 INFO  select * from users where  emailid='123@gmail.com' 
00:29:54.929 INFO  select * from users where  emailid='123@gmail.com' 
